<?xml version="1.0" encoding="UTF-8"?>
<testng-results ignored="0" total="1" passed="1" failed="0" skipped="0">
  <reporter-output>
  </reporter-output>
  <suite started-at="2024-03-05T21:38:46 EST" name="Suite" finished-at="2024-03-05T21:38:50 EST" duration-ms="4541">
    <groups>
    </groups>
    <test started-at="2024-03-05T21:38:46 EST" name="Test" finished-at="2024-03-05T21:38:50 EST" duration-ms="4541">
      <class name="tests.Test01">
        <test-method signature="test01()[pri:0, instance:tests.Test01@4d9e68d0]" started-at="2024-03-05T21:38:46 EST" name="test01" finished-at="2024-03-05T21:38:50 EST" duration-ms="4514" status="PASS">
          <reporter-output>
          </reporter-output>
        </test-method> <!-- test01 -->
      </class> <!-- tests.Test01 -->
    </test> <!-- Test -->
  </suite> <!-- Suite -->
</testng-results>
