<?xml version="1.0" encoding="UTF-8"?>
<testng-results ignored="0" total="1" passed="1" failed="0" skipped="0">
  <reporter-output>
  </reporter-output>
  <suite started-at="2024-03-05T21:28:16 EST" name="Default suite" finished-at="2024-03-05T21:28:42 EST" duration-ms="25969">
    <groups>
    </groups>
    <test started-at="2024-03-05T21:28:16 EST" name="Default test" finished-at="2024-03-05T21:28:42 EST" duration-ms="25969">
      <class name="tests.Test01">
        <test-method signature="test01()[pri:0, instance:tests.Test01@606e4010]" started-at="2024-03-05T21:28:16 EST" name="test01" finished-at="2024-03-05T21:28:42 EST" duration-ms="25918" status="PASS">
          <reporter-output>
          </reporter-output>
        </test-method> <!-- test01 -->
      </class> <!-- tests.Test01 -->
    </test> <!-- Default test -->
  </suite> <!-- Default suite -->
</testng-results>
